# JRE version: Java(TM) SE Runtime Environment (8.0_201-b09) (build 1.8.0_201-b09)
# Java VM: Java HotSpot(TM) 64-Bit Server VM (25.201-b09 mixed mode linux-amd64 compressed oops)
Heap:
 PSYoungGen      total 460800K, used 0K [0x00000000e0000000, 0x0000000100000000, 0x0000000100000000)
  eden space 410624K, 0% used [0x00000000e0000000,0x00000000e0000000,0x00000000f9100000)
  from space 50176K, 0% used [0x00000000fcf00000,0x00000000fcf00000,0x0000000100000000)
  to   space 56832K, 0% used [0x00000000f9100000,0x00000000f9100000,0x00000000fc880000)
 ParOldGen       total 119296K, used 88055K [0x00000000a0000000, 0x00000000a7480000, 0x00000000e0000000)
  object space 119296K, 73% used [0x00000000a0000000,0x00000000a55fde40,0x00000000a7480000)
 Metaspace       used 94353K, capacity 106158K, committed 106240K, reserved 1142784K
  class space    used 12376K, capacity 13115K, committed 13184K, reserved 1048576K
GC Heap History (10 events):
Event: 14.319 GC heap after
Heap after GC invocations=17 (full 5):
 PSYoungGen      total 263680K, used 25026K [0x00000000e0000000, 0x00000000f2d00000, 0x0000000100000000)
  eden space 235008K, 0% used [0x00000000e0000000,0x00000000e0000000,0x00000000ee580000)
  from space 28672K, 87% used [0x00000000f0480000,0x00000000f1cf0bd0,0x00000000f2080000)
  to   space 31744K, 0% used [0x00000000ee580000,0x00000000ee580000,0x00000000f0480000)
 ParOldGen       total 119296K, used 44348K [0x00000000a0000000, 0x00000000a7480000, 0x00000000e0000000)
  object space 119296K, 37% used [0x00000000a0000000,0x00000000a2b4f160,0x00000000a7480000)
 Metaspace       used 82238K, capacity 91593K, committed 91904K, reserved 1130496K
  class space    used 11152K, capacity 11672K, committed 11776K, reserved 1048576K
}
Event: 14.564 GC heap before
{Heap before GC invocations=18 (full 5):
 PSYoungGen      total 263680K, used 260034K [0x00000000e0000000, 0x00000000f2d00000, 0x0000000100000000)
  eden space 235008K, 100% used [0x00000000e0000000,0x00000000ee580000,0x00000000ee580000)
  from space 28672K, 87% used [0x00000000f0480000,0x00000000f1cf0bd0,0x00000000f2080000)
  to   space 31744K, 0% used [0x00000000ee580000,0x00000000ee580000,0x00000000f0480000)
 ParOldGen       total 119296K, used 44348K [0x00000000a0000000, 0x00000000a7480000, 0x00000000e0000000)
  object space 119296K, 37% used [0x00000000a0000000,0x00000000a2b4f160,0x00000000a7480000)
 Metaspace       used 82252K, capacity 91665K, committed 91904K, reserved 1130496K
  class space    used 11152K, capacity 11672K, committed 11776K, reserved 1048576K
Event: 14.585 GC heap after
Heap after GC invocations=18 (full 5):
 PSYoungGen      total 266752K, used 25139K [0x00000000e0000000, 0x00000000f7780000, 0x0000000100000000)
  eden space 235008K, 0% used [0x00000000e0000000,0x00000000e0000000,0x00000000ee580000)
  from space 31744K, 79% used [0x00000000ee580000,0x00000000efe0ce00,0x00000000f0480000)
  to   space 34304K, 0% used [0x00000000f5600000,0x00000000f5600000,0x00000000f7780000)
 ParOldGen       total 119296K, used 44356K [0x00000000a0000000, 0x00000000a7480000, 0x00000000e0000000)
  object space 119296K, 37% used [0x00000000a0000000,0x00000000a2b51160,0x00000000a7480000)
 Metaspace       used 82252K, capacity 91665K, committed 91904K, reserved 1130496K
  class space    used 11152K, capacity 11672K, committed 11776K, reserved 1048576K
}
Event: 15.008 GC heap before
{Heap before GC invocations=19 (full 5):
 PSYoungGen      total 266752K, used 260147K [0x00000000e0000000, 0x00000000f7780000, 0x0000000100000000)
  eden space 235008K, 100% used [0x00000000e0000000,0x00000000ee580000,0x00000000ee580000)
  from space 31744K, 79% used [0x00000000ee580000,0x00000000efe0ce00,0x00000000f0480000)
  to   space 34304K, 0% used [0x00000000f5600000,0x00000000f5600000,0x00000000f7780000)
 ParOldGen       total 119296K, used 44356K [0x00000000a0000000, 0x00000000a7480000, 0x00000000e0000000)
  object space 119296K, 37% used [0x00000000a0000000,0x00000000a2b51160,0x00000000a7480000)
 Metaspace       used 82532K, capacity 91919K, committed 92160K, reserved 1130496K
  class space    used 11195K, capacity 11698K, committed 11776K, reserved 1048576K
Event: 15.036 GC heap after
Heap after GC invocations=19 (full 5):
 PSYoungGen      total 347648K, used 26261K [0x00000000e0000000, 0x00000000f8200000, 0x0000000100000000)
  eden space 313344K, 0% used [0x00000000e0000000,0x00000000e0000000,0x00000000f3200000)
  from space 34304K, 76% used [0x00000000f5600000,0x00000000f6fa54e8,0x00000000f7780000)
  to   space 36864K, 0% used [0x00000000f3200000,0x00000000f3200000,0x00000000f5600000)
 ParOldGen       total 119296K, used 44364K [0x00000000a0000000, 0x00000000a7480000, 0x00000000e0000000)
  object space 119296K, 37% used [0x00000000a0000000,0x00000000a2b53160,0x00000000a7480000)
 Metaspace       used 82532K, capacity 91919K, committed 92160K, reserved 1130496K
  class space    used 11195K, capacity 11698K, committed 11776K, reserved 1048576K
}
Event: 19.624 GC heap before
{Heap before GC invocations=20 (full 5):
 PSYoungGen      total 347648K, used 339605K [0x00000000e0000000, 0x00000000f8200000, 0x0000000100000000)
  eden space 313344K, 100% used [0x00000000e0000000,0x00000000f3200000,0x00000000f3200000)
  from space 34304K, 76% used [0x00000000f5600000,0x00000000f6fa54e8,0x00000000f7780000)
  to   space 36864K, 0% used [0x00000000f3200000,0x00000000f3200000,0x00000000f5600000)
 ParOldGen       total 119296K, used 44364K [0x00000000a0000000, 0x00000000a7480000, 0x00000000e0000000)
  object space 119296K, 37% used [0x00000000a0000000,0x00000000a2b53160,0x00000000a7480000)
 Metaspace       used 91074K, capacity 101889K, committed 102016K, reserved 1138688K
  class space    used 11977K, capacity 12591K, committed 12672K, reserved 1048576K
Event: 19.746 GC heap after
Heap after GC invocations=20 (full 5):
 PSYoungGen      total 350208K, used 36849K [0x00000000e0000000, 0x0000000100000000, 0x0000000100000000)
  eden space 313344K, 0% used [0x00000000e0000000,0x00000000e0000000,0x00000000f3200000)
  from space 36864K, 99% used [0x00000000f3200000,0x00000000f55fc670,0x00000000f5600000)
  to   space 50176K, 0% used [0x00000000fcf00000,0x00000000fcf00000,0x0000000100000000)
 ParOldGen       total 119296K, used 65253K [0x00000000a0000000, 0x00000000a7480000, 0x00000000e0000000)
  object space 119296K, 54% used [0x00000000a0000000,0x00000000a3fb9690,0x00000000a7480000)
 Metaspace       used 91074K, capacity 101889K, committed 102016K, reserved 1138688K
  class space    used 11977K, capacity 12591K, committed 12672K, reserved 1048576K
}
Event: 20.721 GC heap before
{Heap before GC invocations=21 (full 5):
 PSYoungGen      total 350208K, used 182890K [0x00000000e0000000, 0x0000000100000000, 0x0000000100000000)
  eden space 313344K, 46% used [0x00000000e0000000,0x00000000e8e9e448,0x00000000f3200000)
  from space 36864K, 99% used [0x00000000f3200000,0x00000000f55fc670,0x00000000f5600000)
  to   space 50176K, 0% used [0x00000000fcf00000,0x00000000fcf00000,0x0000000100000000)
 ParOldGen       total 119296K, used 65253K [0x00000000a0000000, 0x00000000a7480000, 0x00000000e0000000)
  object space 119296K, 54% used [0x00000000a0000000,0x00000000a3fb9690,0x00000000a7480000)
 Metaspace       used 94362K, capacity 106176K, committed 106240K, reserved 1142784K
  class space    used 12378K, capacity 13120K, committed 13184K, reserved 1048576K
Event: 20.799 GC heap after
Heap after GC invocations=21 (full 5):
 PSYoungGen      total 460800K, used 45735K [0x00000000e0000000, 0x0000000100000000, 0x0000000100000000)
  eden space 410624K, 0% used [0x00000000e0000000,0x00000000e0000000,0x00000000f9100000)
  from space 50176K, 91% used [0x00000000fcf00000,0x00000000ffba9f28,0x0000000100000000)
  to   space 56832K, 0% used [0x00000000f9100000,0x00000000f9100000,0x00000000fc880000)
 ParOldGen       total 119296K, used 65261K [0x00000000a0000000, 0x00000000a7480000, 0x00000000e0000000)
  object space 119296K, 54% used [0x00000000a0000000,0x00000000a3fbb690,0x00000000a7480000)
 Metaspace       used 94362K, capacity 106176K, committed 106240K, reserved 1142784K
  class space    used 12378K, capacity 13120K, committed 13184K, reserved 1048576K
}
Event: 20.805 GC heap before
{Heap before GC invocations=22 (full 6):
 PSYoungGen      total 460800K, used 45735K [0x00000000e0000000, 0x0000000100000000, 0x0000000100000000)
  eden space 410624K, 0% used [0x00000000e0000000,0x00000000e0000000,0x00000000f9100000)
  from space 50176K, 91% used [0x00000000fcf00000,0x00000000ffba9f28,0x0000000100000000)
  to   space 56832K, 0% used [0x00000000f9100000,0x00000000f9100000,0x00000000fc880000)
 ParOldGen       total 119296K, used 65261K [0x00000000a0000000, 0x00000000a7480000, 0x00000000e0000000)
  object space 119296K, 54% used [0x00000000a0000000,0x00000000a3fbb690,0x00000000a7480000)
 Metaspace       used 94362K, capacity 106176K, committed 106240K, reserved 1142784K
  class space    used 12378K, capacity 13120K, committed 13184K, reserved 1048576K

